<?xml version="1.0" encoding="UTF-8"?>
<testsuite xmlns:xsi="http://www.w3.org/2001/XMLSchema-instance" xsi:noNamespaceSchemaLocation="https://maven.apache.org/surefire/maven-surefire-plugin/xsd/surefire-test-report-3.0.xsd" version="3.0" name="flutter.shrine" time="34.742" tests="5" errors="0" skipped="0" failures="0">
  <properties>
[...]
</properties>
  <testcase name="step1" classname="flutter.shrine" time="4.955">
    <system-err><![CDATA[Nov 14, 2022 9:20:23 PM io.appium.java_client.remote.AppiumCommandExecutor$1 lambda$0
INFO: Detected dialect: W3C
]]></system-err>
  </testcase>
  <testcase name="step2" classname="flutter.shrine" time="8.527"/>
  <testcase name="step3" classname="flutter.shrine" time="7.05"/>
  <testcase name="step4" classname="flutter.shrine" time="0.063"/>
  <testcase name="step5" classname="flutter.shrine" time="7.186"/>
</testsuite>